Performing C++ SOURCE FILE Test CMAKE_HAVE_LIBC_PTHREAD failed with the following output:
Change Dir: /home/michiaki/Document/macemu/macemu/BasiliskII/src/CMakeFiles/CMakeTmp

Run Build Command(s):/usr/bin/gmake -f Makefile cmTC_d9d00/fast && /usr/bin/gmake  -f CMakeFiles/cmTC_d9d00.dir/build.make CMakeFiles/cmTC_d9d00.dir/build
gmake[1]: ディレクトリ '/home/michiaki/Document/macemu/macemu/BasiliskII/src/CMakeFiles/CMakeTmp' に入ります
Building CXX object CMakeFiles/cmTC_d9d00.dir/src.cxx.o
/usr/bin/c++ -DCMAKE_HAVE_LIBC_PTHREAD  -Wno-unused-parameter -Wall -Wextra -coverage  -std=gnu++20 -o CMakeFiles/cmTC_d9d00.dir/src.cxx.o -c /home/michiaki/Document/macemu/macemu/BasiliskII/src/CMakeFiles/CMakeTmp/src.cxx
Linking CXX executable cmTC_d9d00
/usr/bin/cmake -E cmake_link_script CMakeFiles/cmTC_d9d00.dir/link.txt --verbose=1
/usr/bin/c++   -Wno-unused-parameter -Wall -Wextra -coverage  CMakeFiles/cmTC_d9d00.dir/src.cxx.o -o cmTC_d9d00 
/usr/bin/ld: CMakeFiles/cmTC_d9d00.dir/src.cxx.o: in function `main':
src.cxx:(.text+0x53): undefined reference to `pthread_create'
/usr/bin/ld: src.cxx:(.text+0x71): undefined reference to `pthread_detach'
/usr/bin/ld: src.cxx:(.text+0x8f): undefined reference to `pthread_cancel'
/usr/bin/ld: src.cxx:(.text+0xb2): undefined reference to `pthread_join'
collect2: error: ld returned 1 exit status
gmake[1]: *** [CMakeFiles/cmTC_d9d00.dir/build.make:99: cmTC_d9d00] エラー 1
gmake[1]: ディレクトリ '/home/michiaki/Document/macemu/macemu/BasiliskII/src/CMakeFiles/CMakeTmp' から出ます
gmake: *** [Makefile:127: cmTC_d9d00/fast] エラー 2


Source file was:
#include <pthread.h>

static void* test_func(void* data)
{
  return data;
}

int main(void)
{
  pthread_t thread;
  pthread_create(&thread, NULL, test_func, NULL);
  pthread_detach(thread);
  pthread_cancel(thread);
  pthread_join(thread, NULL);
  pthread_atfork(NULL, NULL, NULL);
  pthread_exit(NULL);

  return 0;
}

